make all --print-data-base --no-builtin-variables --no-builtin-rules --question
# GNU Make 3.81
# Copyright (C) 2006  Free Software Foundation, Inc.
# This is free software; see the source for copying conditions.
# There is NO warranty; not even for MERCHANTABILITY or FITNESS FOR A
# PARTICULAR PURPOSE.

# This program built for i386-apple-darwin11.3.0
 
make: *** No rule to make target `gnl/get_next_line.o', needed by `so_long'.  Stop.


# Make data base, printed on Sun Jun 26 00:04:53 2022

# Variables

# automatic
<D = $(patsubst %/,%,$(dir $<))
# automatic
?F = $(notdir $?)
# environment
VSCODE_LOG_NATIVE = false
# automatic
?D = $(patsubst %/,%,$(dir $?))
# automatic
@D = $(patsubst %/,%,$(dir $@))
# automatic
@F = $(notdir $@)
# makefile
CURDIR := /Users/sel-jala/Desktop/so_long13
# makefile
SHELL = /bin/sh
# makefile (from `Makefile', line 19)
RM = rm -rf
# environment
VSCODE_NLS_CONFIG = {"locale":"en-us","availableLanguages":{},"_languagePackSupport":true}
# environment
_ = /usr/bin/make
# makefile (from `Makefile', line 14)
NAME_BONUS = so_long_bonus
# makefile (from `Makefile', line 1)
MAKEFILE_LIST :=  Makefile
# makefile (from `Makefile', line 16)
INC_BONUS = so_long_bonus.h
# environment
VSCODE_VERBOSE_LOGGING = true
# makefile (from `Makefile', line 20)
CFILES = ./gnl/get_next_line.c ./gnl/get_next_line_utils.c ./ft_printf/ft_functions.c ./ft_printf/ft_functions2.c ./ft_printf/ft_printf.c ./srcs/ft_map.c ./srcs/ft_check_error.c ./srcs/ft_check_map_elements.c ./srcs/mlx.c ./srcs/mouvement.c ./srcs/mlx_loop.c ./srcs/so_long.c
# environment
VSCODE_IPC_HOOK_EXTHOST = /var/folders/zz/zyxvpxvq6csfxvn_n000cfmr0033n6/T/vscode-ipc-d518f6ca-0712-41c2-9095-69eb0538409e.sock
# environment
VSCODE_CWD = /
# environment
PATH = /usr/local/bin:/usr/bin:/bin:/usr/sbin:/sbin:/usr/local/munki
# environment
LSCOLORS = Gxfxcxdxbxegedabagacad
# environment
VSCODE_LOG_STACK = false
# environment
ELECTRON_RUN_AS_NODE = 1
# default
.FEATURES := target-specific order-only second-expansion else-if archives jobserver check-symlink
# environment
SSH_AUTH_SOCK = /private/tmp/com.apple.launchd.XktNllWEP0/Listeners
# automatic
%F = $(notdir $%)
# makefile (from `Makefile', line 44)
OFILES_BONUS = $(CFILES_BONUS:.c=.o)
# environment
VSCODE_PIPE_LOGGING = true
# environment
PWD = /Users/sel-jala/Desktop/so_long13
# environment
ORIGINAL_XDG_CURRENT_DESKTOP = undefined
# environment
VSCODE_AMD_ENTRYPOINT = vs/workbench/api/node/extensionHostProcess
# environment
HOME = /Users/sel-jala
# default
MAKEFILEPATH = $(shell /usr/bin/xcode-select -print-path 2>/dev/null || echo /Developer)/Makefiles
# environment
VSCODE_CODE_CACHE_PATH = /Users/sel-jala/Library/Application Support/Code/CachedData/57fd6d0195bb9b9d1b49f6da5db789060795de47
# environment
LOGNAME = sel-jala
# environment
APPLICATION_INSIGHTS_NO_DIAGNOSTIC_CHANNEL = 1
# environment
ZSH = /Users/sel-jala/.oh-my-zsh
# environment
VSCODE_HANDLES_UNCAUGHT_ERRORS = true
# automatic
^D = $(patsubst %/,%,$(dir $^))
# environment
XPC_FLAGS = 0x0
# default
MAKE = $(MAKE_COMMAND)
# default
MAKECMDGOALS := all
# environment
SHLVL = 1
# makefile (from `Makefile', line 17)
CC = cc
# default
MAKE_VERSION := 3.81
# environment
USER = sel-jala
# makefile
.DEFAULT_GOAL := all
# makefile (from `Makefile', line 13)
NAME = so_long
# environment
LESS = -R
# automatic
%D = $(patsubst %/,%,$(dir $%))
# makefile (from `Makefile', line 26)
CFILES_BONUS = ./gnl/get_next_line.c ./gnl/get_next_line_utils.c ./ft_printf/ft_functions.c ./ft_printf/ft_functions2.c ./ft_printf/ft_printf.c ./bonus/ft_check_error_bonus.c ./bonus/ft_check_map_elements_bonus.c ./bonus/ft_map_bonus.c ./bonus/mlx_bonus.c ./bonus/mlx_loop_bonus.c ./bonus/mouvement_bonus.c ./bonus/so_long_bonus.c ./bonus/dollar_bonus.c ./bonus/enemy_bonus.c ./bonus/ft_move_enemy.c ./bonus/ft_print_move.c ./bonus/utils_bonus.c ./bonus/mlx_destroy.c
# default
MAKE_COMMAND := /Library/Developer/CommandLineTools/usr/bin/make
# makefile (from `Makefile', line 15)
INC = so_long.h
# default
.VARIABLES := 
# environment
TMPDIR = /var/folders/zz/zyxvpxvq6csfxvn_n000cfmr0033n6/T/
# automatic
*F = $(notdir $*)
# environment
VSCODE_IPC_HOOK = /Users/sel-jala/Library/Application Support/Code/1.67.0-main.sock
# makefile
MAKEFLAGS = Rrqp
# environment
MFLAGS = -Rrqp
# automatic
*D = $(patsubst %/,%,$(dir $*))
# environment
XPC_SERVICE_NAME = com.microsoft.VSCode.2140
# automatic
+D = $(patsubst %/,%,$(dir $+))
# automatic
+F = $(notdir $+)
# environment
__CF_USER_TEXT_ENCODING = 0x18EA6:0x0:0x0
# default
MAKEFILES := 
# automatic
<F = $(notdir $<)
# environment
PAGER = less
# environment
LC_ALL = C
# automatic
^F = $(notdir $^)
# default
SUFFIXES := 
# makefile (from `Makefile', line 18)
FLAGS = -Wall -Wextra -Werror
# default
.INCLUDE_DIRS = /usr/local/include
# makefile (from `Makefile', line 43)
OFILES = $(CFILES:.c=.o)
# environment
MAKELEVEL := 0
# environment
LANG = C
# environment
VSCODE_PID = 9810
# variable set hash-table stats:
# Load=75/1024=7%, Rehash=0, Collisions=1/109=1%

# Pattern-specific Variable Values

# No pattern-specific variable values.

# Directories

# . (device 16777225, inode 1039738): 12 files, 1 impossibilities.
# gnl (device 16777225, inode 1040051): 3 files, no impossibilities so far.

# 15 files, 1 impossibilities in 2 directories.

# Implicit Rules

%.o: %.c so_long.h so_long_bonus.h
#  commands to execute (from `Makefile', line 55):
	$(CC) $(FLAGS) -c $^ -o $@
	

# 1 implicit rules, 0 (0.0%) terminal.

# Files

# Not a target:
bonus/ft_map_bonus.o:
#  Implicit rule search has not been done.
#  Modification time never checked.
#  File has not been updated.

# Not a target:
srcs/ft_map.o:
#  Implicit rule search has not been done.
#  Modification time never checked.
#  File has not been updated.

all: so_long
#  Command-line target.
#  Implicit rule search has been done.
#  File does not exist.
#  File has not been updated.
# variable set hash-table stats:
# Load=0/32=0%, Rehash=0, Collisions=0/0=0%

# Not a target:
ft_printf/ft_functions.o:
#  Implicit rule search has not been done.
#  Modification time never checked.
#  File has not been updated.

# Not a target:
bonus/mlx_bonus.o:
#  Implicit rule search has not been done.
#  Modification time never checked.
#  File has not been updated.

# Not a target:
srcs/mlx.o:
#  Implicit rule search has not been done.
#  Modification time never checked.
#  File has not been updated.

# Not a target:
ft_printf/ft_printf.o:
#  Implicit rule search has not been done.
#  Modification time never checked.
#  File has not been updated.

# Not a target:
.SUFFIXES:
#  Implicit rule search has not been done.
#  Modification time never checked.
#  File has not been updated.

# Not a target:
Makefile:
#  Implicit rule search has been done.
#  Last modified 2022-06-25 20:24:43
#  File has been updated.
#  Successfully updated.
# variable set hash-table stats:
# Load=0/32=0%, Rehash=0, Collisions=0/0=0%

# Not a target:
bonus/mlx_loop_bonus.o:
#  Implicit rule search has not been done.
#  Modification time never checked.
#  File has not been updated.

# Not a target:
bonus/so_long_bonus.o:
#  Implicit rule search has not been done.
#  Modification time never checked.
#  File has not been updated.

# Not a target:
bonus/utils_bonus.o:
#  Implicit rule search has not been done.
#  Modification time never checked.
#  File has not been updated.

# Not a target:
srcs/mlx_loop.o:
#  Implicit rule search has not been done.
#  Modification time never checked.
#  File has not been updated.

# Not a target:
srcs/so_long.o:
#  Implicit rule search has not been done.
#  Modification time never checked.
#  File has not been updated.

# Not a target:
gnl/get_next_line_utils.o:
#  Implicit rule search has not been done.
#  Modification time never checked.
#  File has not been updated.

bonus: so_long_bonus
#  Implicit rule search has not been done.
#  Modification time never checked.
#  File has not been updated.

fclean: clean
#  Implicit rule search has not been done.
#  Modification time never checked.
#  File has not been updated.
#  commands to execute (from `Makefile', line 61):
	$(RM) $(NAME) $(NAME_BONUS)
	

# Not a target:
bonus/ft_check_error_bonus.o:
#  Implicit rule search has not been done.
#  Modification time never checked.
#  File has not been updated.

# Not a target:
bonus/dollar_bonus.o:
#  Implicit rule search has not been done.
#  Modification time never checked.
#  File has not been updated.

# Not a target:
bonus/ft_move_enemy.o:
#  Implicit rule search has not been done.
#  Modification time never checked.
#  File has not been updated.

# Not a target:
 
srcs/ft_check_error.o:
#  Implicit rule search has not been done.
#  Modification time never checked.
#  File has not been updated.

# Not a target:
ft_printf/ft_functions2.o:
#  Implicit rule search has not been done.
#  Modification time never checked.
#  File has not been updated.

so_long_bonus: gnl/get_next_line.o gnl/get_next_line_utils.o ft_printf/ft_functions.o ft_printf/ft_functions2.o ft_printf/ft_printf.o bonus/ft_check_error_bonus.o bonus/ft_check_map_elements_bonus.o bonus/ft_map_bonus.o bonus/mlx_bonus.o bonus/mlx_loop_bonus.o bonus/mouvement_bonus.o bonus/so_long_bonus.o bonus/dollar_bonus.o bonus/enemy_bonus.o bonus/ft_move_enemy.o bonus/ft_print_move.o bonus/utils_bonus.o bonus/mlx_destroy.o
#  Implicit rule search has not been done.
#  Modification time never checked.
#  File has not been updated.
#  commands to execute (from `Makefile', line 52):
	$(CC) -lmlx -framework OpenGL -framework AppKit $^ -o $@
	

# Not a target:
bonus/enemy_bonus.o:
#  Implicit rule search has not been done.
#  Modification time never checked.
#  File has not been updated.

# Not a target:
.DEFAULT:
#  Implicit rule search has not been done.
#  Modification time never checked.
#  File has not been updated.

# Not a target:
bonus/mlx_destroy.o:
#  Implicit rule search has not been done.
#  Modification time never checked.
#  File has not been updated.

re: fclean all
#  Implicit rule search has not been done.
#  Modification time never checked.
#  File has not been updated.

clean:
#  Implicit rule search has not been done.
#  Modification time never checked.
#  File has not been updated.
#  commands to execute (from `Makefile', line 58):
	$(RM) $(OFILES) $(OFILES_BONUS)
	

# Not a target:
bonus/mouvement_bonus.o:
#  Implicit rule search has not been done.
#  Modification time never checked.
#  File has not been updated.

# Not a target:
gnl/get_next_line.o:
#  Implicit rule search has been done.
#  File does not exist.
#  File has not been updated.
# variable set hash-table stats:
# Load=0/32=0%, Rehash=0, Collisions=0/0=0%

# Not a target:
srcs/mouvement.o:
#  Implicit rule search has not been done.
#  Modification time never checked.
#  File has not been updated.

so_long: gnl/get_next_line.o gnl/get_next_line_utils.o ft_printf/ft_functions.o ft_printf/ft_functions2.o ft_printf/ft_printf.o srcs/ft_map.o srcs/ft_check_error.o srcs/ft_check_map_elements.o srcs/mlx.o srcs/mouvement.o srcs/mlx_loop.o srcs/so_long.o
#  Implicit rule search has not been done.
#  File does not exist.
#  File has not been updated.
# variable set hash-table stats:
# Load=0/32=0%, Rehash=0, Collisions=0/0=0%
#  commands to execute (from `Makefile', line 49):
	$(CC) -lmlx -framework OpenGL -framework AppKit $^ -o $@
	

# Not a target:
bonus/ft_print_move.o:
#  Implicit rule search has not been done.
#  Modification time never checked.
#  File has not been updated.

# Not a target:
bonus/ft_check_map_elements_bonus.o:
#  Implicit rule search has not been done.
#  Modification time never checked.
#  File has not been updated.

# Not a target:
srcs/ft_check_map_elements.o:
#  Implicit rule search has not been done.
#  Modification time never checked.
#  File has not been updated.

# files hash-table stats:
# Load=35/1024=3%, Rehash=0, Collisions=1/87=1%
# VPATH Search Paths

# No `vpath' search paths.

# No general (`VPATH' variable) search path.

# # of strings in strcache: 1
# # of strcache buffers: 1
# strcache size: total = 4096 / max = 4096 / min = 4096 / avg = 4096
# strcache free: total = 4087 / max = 4087 / min = 4087 / avg = 4087

# Finished Make data base on Sun Jun 26 00:04:54 2022

 
